<?xml version="1.0" encoding="UTF-8"?>
<testsuite name="rs.pstech.workshop.javaweb.blog.dao.hibernate.CommentDaoTest" tests="4" skipped="0" failures="0" errors="0" timestamp="2015-05-19T14:33:46" hostname="D-003238" time="0.013">
  <properties/>
  <testcase name="testGetBlogComments" classname="rs.pstech.workshop.javaweb.blog.dao.hibernate.CommentDaoTest" time="0.002"/>
  <testcase name="testDeleteComment" classname="rs.pstech.workshop.javaweb.blog.dao.hibernate.CommentDaoTest" time="0.002"/>
  <testcase name="testCreateComment" classname="rs.pstech.workshop.javaweb.blog.dao.hibernate.CommentDaoTest" time="0.003"/>
  <testcase name="testGetComment" classname="rs.pstech.workshop.javaweb.blog.dao.hibernate.CommentDaoTest" time="0.002"/>
  <system-out><![CDATA[.16:33:46.767 [Test worker] INFO  o.s.t.c.s.DefaultTestContextBootstrapper - Loaded default TestExecutionListener class names from location [META-INF/spring.factories]: [org.springframework.test.context.web.ServletTestExecutionListener, org.springframework.test.context.support.DependencyInjectionTestExecutionListener, org.springframework.test.context.support.DirtiesContextTestExecutionListener, org.springframework.test.context.transaction.TransactionalTestExecutionListener, org.springframework.test.context.jdbc.SqlScriptsTestExecutionListener] 
.16:33:46.768 [Test worker] INFO  o.s.t.c.s.DefaultTestContextBootstrapper - Using TestExecutionListeners: [org.springframework.test.context.web.ServletTestExecutionListener@d321163, org.springframework.test.context.support.DependencyInjectionTestExecutionListener@52138159, org.springframework.test.context.support.DirtiesContextTestExecutionListener@7e912427, org.springframework.test.context.transaction.TransactionalTestExecutionListener@6adcbd5b, org.springframework.test.context.jdbc.SqlScriptsTestExecutionListener@4213d82c] 
.16:33:46.787 [Test worker] INFO  o.s.t.c.t.TransactionContext - Began transaction (1) for test context [DefaultTestContext@404590de testClass = CommentDaoTest, testInstance = rs.pstech.workshop.javaweb.blog.dao.hibernate.CommentDaoTest@1729ffc9, testMethod = testGetBlogComments@CommentDaoTest, testException = [null], mergedContextConfiguration = [MergedContextConfiguration@4657f100 testClass = CommentDaoTest, locations = '{classpath:application-context.xml}', classes = '{}', contextInitializerClasses = '[]', activeProfiles = '{}', propertySourceLocations = '{}', propertySourceProperties = '{}', contextLoader = 'org.springframework.test.context.support.DelegatingSmartContextLoader', parent = [null]]]; transaction manager [org.springframework.orm.hibernate4.HibernateTransactionManager@469681e0]; rollback [true] 
.16:33:46.788 [Test worker] INFO  o.s.t.c.t.TransactionContext - Rolled back transaction for test context [DefaultTestContext@404590de testClass = CommentDaoTest, testInstance = rs.pstech.workshop.javaweb.blog.dao.hibernate.CommentDaoTest@1729ffc9, testMethod = testGetBlogComments@CommentDaoTest, testException = [null], mergedContextConfiguration = [MergedContextConfiguration@4657f100 testClass = CommentDaoTest, locations = '{classpath:application-context.xml}', classes = '{}', contextInitializerClasses = '[]', activeProfiles = '{}', propertySourceLocations = '{}', propertySourceProperties = '{}', contextLoader = 'org.springframework.test.context.support.DelegatingSmartContextLoader', parent = [null]]]. 
.16:33:46.791 [Test worker] INFO  o.s.t.c.t.TransactionContext - Began transaction (1) for test context [DefaultTestContext@404590de testClass = CommentDaoTest, testInstance = rs.pstech.workshop.javaweb.blog.dao.hibernate.CommentDaoTest@329e2e78, testMethod = testDeleteComment@CommentDaoTest, testException = [null], mergedContextConfiguration = [MergedContextConfiguration@4657f100 testClass = CommentDaoTest, locations = '{classpath:application-context.xml}', classes = '{}', contextInitializerClasses = '[]', activeProfiles = '{}', propertySourceLocations = '{}', propertySourceProperties = '{}', contextLoader = 'org.springframework.test.context.support.DelegatingSmartContextLoader', parent = [null]]]; transaction manager [org.springframework.orm.hibernate4.HibernateTransactionManager@469681e0]; rollback [true] 
.16:33:46.792 [Test worker] INFO  o.s.t.c.t.TransactionContext - Rolled back transaction for test context [DefaultTestContext@404590de testClass = CommentDaoTest, testInstance = rs.pstech.workshop.javaweb.blog.dao.hibernate.CommentDaoTest@329e2e78, testMethod = testDeleteComment@CommentDaoTest, testException = [null], mergedContextConfiguration = [MergedContextConfiguration@4657f100 testClass = CommentDaoTest, locations = '{classpath:application-context.xml}', classes = '{}', contextInitializerClasses = '[]', activeProfiles = '{}', propertySourceLocations = '{}', propertySourceProperties = '{}', contextLoader = 'org.springframework.test.context.support.DelegatingSmartContextLoader', parent = [null]]]. 
.16:33:46.794 [Test worker] INFO  o.s.t.c.t.TransactionContext - Began transaction (1) for test context [DefaultTestContext@404590de testClass = CommentDaoTest, testInstance = rs.pstech.workshop.javaweb.blog.dao.hibernate.CommentDaoTest@d554913, testMethod = testCreateComment@CommentDaoTest, testException = [null], mergedContextConfiguration = [MergedContextConfiguration@4657f100 testClass = CommentDaoTest, locations = '{classpath:application-context.xml}', classes = '{}', contextInitializerClasses = '[]', activeProfiles = '{}', propertySourceLocations = '{}', propertySourceProperties = '{}', contextLoader = 'org.springframework.test.context.support.DelegatingSmartContextLoader', parent = [null]]]; transaction manager [org.springframework.orm.hibernate4.HibernateTransactionManager@469681e0]; rollback [true] 
.16:33:46.795 [Test worker] INFO  o.s.t.c.t.TransactionContext - Rolled back transaction for test context [DefaultTestContext@404590de testClass = CommentDaoTest, testInstance = rs.pstech.workshop.javaweb.blog.dao.hibernate.CommentDaoTest@d554913, testMethod = testCreateComment@CommentDaoTest, testException = [null], mergedContextConfiguration = [MergedContextConfiguration@4657f100 testClass = CommentDaoTest, locations = '{classpath:application-context.xml}', classes = '{}', contextInitializerClasses = '[]', activeProfiles = '{}', propertySourceLocations = '{}', propertySourceProperties = '{}', contextLoader = 'org.springframework.test.context.support.DelegatingSmartContextLoader', parent = [null]]]. 
.16:33:46.798 [Test worker] INFO  o.s.t.c.t.TransactionContext - Began transaction (1) for test context [DefaultTestContext@404590de testClass = CommentDaoTest, testInstance = rs.pstech.workshop.javaweb.blog.dao.hibernate.CommentDaoTest@10bcdd9, testMethod = testGetComment@CommentDaoTest, testException = [null], mergedContextConfiguration = [MergedContextConfiguration@4657f100 testClass = CommentDaoTest, locations = '{classpath:application-context.xml}', classes = '{}', contextInitializerClasses = '[]', activeProfiles = '{}', propertySourceLocations = '{}', propertySourceProperties = '{}', contextLoader = 'org.springframework.test.context.support.DelegatingSmartContextLoader', parent = [null]]]; transaction manager [org.springframework.orm.hibernate4.HibernateTransactionManager@469681e0]; rollback [true] 
.16:33:46.798 [Test worker] INFO  o.s.t.c.t.TransactionContext - Rolled back transaction for test context [DefaultTestContext@404590de testClass = CommentDaoTest, testInstance = rs.pstech.workshop.javaweb.blog.dao.hibernate.CommentDaoTest@10bcdd9, testMethod = testGetComment@CommentDaoTest, testException = [null], mergedContextConfiguration = [MergedContextConfiguration@4657f100 testClass = CommentDaoTest, locations = '{classpath:application-context.xml}', classes = '{}', contextInitializerClasses = '[]', activeProfiles = '{}', propertySourceLocations = '{}', propertySourceProperties = '{}', contextLoader = 'org.springframework.test.context.support.DelegatingSmartContextLoader', parent = [null]]]. 
]]></system-out>
  <system-err><![CDATA[]]></system-err>
</testsuite>
