<?xml version="1.0" encoding="UTF-8"?>
<testsuite name="rs.pstech.workshop.javaweb.blog.dao.hibernate.BlogDaoTest" tests="4" skipped="0" failures="0" errors="0" timestamp="2015-05-19T14:33:46" hostname="D-003238" time="0.296">
  <properties/>
  <testcase name="testGetAllBlogs" classname="rs.pstech.workshop.javaweb.blog.dao.hibernate.BlogDaoTest" time="0.236"/>
  <testcase name="testGetBlog" classname="rs.pstech.workshop.javaweb.blog.dao.hibernate.BlogDaoTest" time="0.011"/>
  <testcase name="testCreateBlog" classname="rs.pstech.workshop.javaweb.blog.dao.hibernate.BlogDaoTest" time="0.026"/>
  <testcase name="testDeleteBlog" classname="rs.pstech.workshop.javaweb.blog.dao.hibernate.BlogDaoTest" time="0.017"/>
  <system-out><![CDATA[.16:33:44.715 [Test worker] INFO  o.s.t.c.s.DefaultTestContextBootstrapper - Using TestExecutionListeners: [org.springframework.test.context.web.ServletTestExecutionListener@119e5e6b, org.springframework.test.context.support.DependencyInjectionTestExecutionListener@3448cbd6, org.springframework.test.context.support.DirtiesContextTestExecutionListener@173e696b, org.springframework.test.context.transaction.TransactionalTestExecutionListener@27afbb9, org.springframework.test.context.jdbc.SqlScriptsTestExecutionListener@58242ff4] 
.16:33:44.828 [Test worker] INFO  o.s.b.f.xml.XmlBeanDefinitionReader - Loading XML bean definitions from class path resource [application-context.xml] 
.16:33:44.918 [Test worker] INFO  o.s.b.f.xml.XmlBeanDefinitionReader - Loading XML bean definitions from class path resource [blog/core-context.xml] 
.16:33:44.954 [Test worker] INFO  o.s.b.f.xml.XmlBeanDefinitionReader - Loading XML bean definitions from class path resource [blog/dao-context.xml] 
.16:33:45.012 [Test worker] INFO  o.s.b.f.xml.XmlBeanDefinitionReader - Loading XML bean definitions from class path resource [blog/services-context.xml] 
.16:33:45.050 [Test worker] INFO  o.s.c.s.GenericApplicationContext - Refreshing org.springframework.context.support.GenericApplicationContext@7dcf7147: startup date [Tue May 19 16:33:45 CEST 2015]; root of context hierarchy 
.16:33:45.177 [Test worker] INFO  o.s.c.s.PropertySourcesPlaceholderConfigurer - Loading properties file from class path resource [blog/application.properties] 
.16:33:45.178 [Test worker] INFO  o.s.c.s.PropertySourcesPlaceholderConfigurer - Loading properties file from URL [file:/D:/java/workspace/connector/9-hibernate-spring-rest-angular/build/resources/test/application-global.properties] 
.16:33:45.418 [Test worker] INFO  o.h.annotations.common.Version - HCANN000001: Hibernate Commons Annotations {4.0.5.Final} 
.16:33:45.426 [Test worker] INFO  org.hibernate.Version - HHH000412: Hibernate Core {4.3.8.Final} 
.16:33:45.427 [Test worker] INFO  org.hibernate.cfg.Environment - HHH000206: hibernate.properties not found 
.16:33:45.429 [Test worker] INFO  org.hibernate.cfg.Environment - HHH000021: Bytecode provider name : javassist 
.16:33:45.767 [Test worker] INFO  org.hibernate.dialect.Dialect - HHH000400: Using dialect: org.hibernate.dialect.H2Dialect 
.16:33:45.937 [Test worker] INFO  o.h.e.t.i.TransactionFactoryInitiator - HHH000399: Using default transaction strategy (direct JDBC transactions) 
.16:33:45.942 [Test worker] INFO  o.h.h.i.a.ASTQueryTranslatorFactory - HHH000397: Using ASTQueryTranslatorFactory 
.16:33:46.273 [Test worker] INFO  o.h.tool.hbm2ddl.SchemaExport - HHH000227: Running hbm2ddl schema export 
.16:33:46.292 [Test worker] INFO  o.h.tool.hbm2ddl.SchemaExport - HHH000230: Schema export complete 
.16:33:46.335 [Test worker] INFO  o.s.o.h.HibernateTransactionManager - Using DataSource [org.apache.commons.dbcp2.BasicDataSource@63f98302] of Hibernate SessionFactory for HibernateTransactionManager 
.16:33:46.390 [Test worker] INFO  o.s.aop.framework.CglibAopProxy - Unable to proxy method [public final void org.springframework.test.context.junit4.AbstractJUnit4SpringContextTests.setApplicationContext(org.springframework.context.ApplicationContext)] because it is final: All calls to this method via a proxy will NOT be routed to the target instance. 
.16:33:46.539 [Test worker] INFO  o.s.t.c.t.TransactionContext - Began transaction (1) for test context [DefaultTestContext@6929c1c6 testClass = BlogDaoTest, testInstance = rs.pstech.workshop.javaweb.blog.dao.hibernate.BlogDaoTest@3470e41a, testMethod = testGetAllBlogs@BlogDaoTest, testException = [null], mergedContextConfiguration = [MergedContextConfiguration@5f8f81db testClass = BlogDaoTest, locations = '{classpath:application-context.xml}', classes = '{}', contextInitializerClasses = '[]', activeProfiles = '{}', propertySourceLocations = '{}', propertySourceProperties = '{}', contextLoader = 'org.springframework.test.context.support.DelegatingSmartContextLoader', parent = [null]]]; transaction manager [org.springframework.orm.hibernate4.HibernateTransactionManager@469681e0]; rollback [true] 
.16:33:46.698 [Test worker] INFO  o.s.t.c.t.TransactionContext - Rolled back transaction for test context [DefaultTestContext@6929c1c6 testClass = BlogDaoTest, testInstance = rs.pstech.workshop.javaweb.blog.dao.hibernate.BlogDaoTest@3470e41a, testMethod = testGetAllBlogs@BlogDaoTest, testException = [null], mergedContextConfiguration = [MergedContextConfiguration@5f8f81db testClass = BlogDaoTest, locations = '{classpath:application-context.xml}', classes = '{}', contextInitializerClasses = '[]', activeProfiles = '{}', propertySourceLocations = '{}', propertySourceProperties = '{}', contextLoader = 'org.springframework.test.context.support.DelegatingSmartContextLoader', parent = [null]]]. 
.16:33:46.706 [Test worker] INFO  o.s.t.c.t.TransactionContext - Began transaction (1) for test context [DefaultTestContext@6929c1c6 testClass = BlogDaoTest, testInstance = rs.pstech.workshop.javaweb.blog.dao.hibernate.BlogDaoTest@5097d220, testMethod = testGetBlog@BlogDaoTest, testException = [null], mergedContextConfiguration = [MergedContextConfiguration@5f8f81db testClass = BlogDaoTest, locations = '{classpath:application-context.xml}', classes = '{}', contextInitializerClasses = '[]', activeProfiles = '{}', propertySourceLocations = '{}', propertySourceProperties = '{}', contextLoader = 'org.springframework.test.context.support.DelegatingSmartContextLoader', parent = [null]]]; transaction manager [org.springframework.orm.hibernate4.HibernateTransactionManager@469681e0]; rollback [true] 
.16:33:46.712 [Test worker] INFO  o.s.t.c.t.TransactionContext - Rolled back transaction for test context [DefaultTestContext@6929c1c6 testClass = BlogDaoTest, testInstance = rs.pstech.workshop.javaweb.blog.dao.hibernate.BlogDaoTest@5097d220, testMethod = testGetBlog@BlogDaoTest, testException = [null], mergedContextConfiguration = [MergedContextConfiguration@5f8f81db testClass = BlogDaoTest, locations = '{classpath:application-context.xml}', classes = '{}', contextInitializerClasses = '[]', activeProfiles = '{}', propertySourceLocations = '{}', propertySourceProperties = '{}', contextLoader = 'org.springframework.test.context.support.DelegatingSmartContextLoader', parent = [null]]]. 
.16:33:46.718 [Test worker] INFO  o.s.t.c.t.TransactionContext - Began transaction (1) for test context [DefaultTestContext@6929c1c6 testClass = BlogDaoTest, testInstance = rs.pstech.workshop.javaweb.blog.dao.hibernate.BlogDaoTest@374dd05e, testMethod = testCreateBlog@BlogDaoTest, testException = [null], mergedContextConfiguration = [MergedContextConfiguration@5f8f81db testClass = BlogDaoTest, locations = '{classpath:application-context.xml}', classes = '{}', contextInitializerClasses = '[]', activeProfiles = '{}', propertySourceLocations = '{}', propertySourceProperties = '{}', contextLoader = 'org.springframework.test.context.support.DelegatingSmartContextLoader', parent = [null]]]; transaction manager [org.springframework.orm.hibernate4.HibernateTransactionManager@469681e0]; rollback [true] 
.16:33:46.736 [Test worker] DEBUG r.p.w.j.b.dao.hibernate.BlogDaoTest - Created blog with ID '4' 
.16:33:46.740 [Test worker] INFO  o.s.t.c.t.TransactionContext - Rolled back transaction for test context [DefaultTestContext@6929c1c6 testClass = BlogDaoTest, testInstance = rs.pstech.workshop.javaweb.blog.dao.hibernate.BlogDaoTest@374dd05e, testMethod = testCreateBlog@BlogDaoTest, testException = [null], mergedContextConfiguration = [MergedContextConfiguration@5f8f81db testClass = BlogDaoTest, locations = '{classpath:application-context.xml}', classes = '{}', contextInitializerClasses = '[]', activeProfiles = '{}', propertySourceLocations = '{}', propertySourceProperties = '{}', contextLoader = 'org.springframework.test.context.support.DelegatingSmartContextLoader', parent = [null]]]. 
.16:33:46.746 [Test worker] INFO  o.s.t.c.t.TransactionContext - Began transaction (1) for test context [DefaultTestContext@6929c1c6 testClass = BlogDaoTest, testInstance = rs.pstech.workshop.javaweb.blog.dao.hibernate.BlogDaoTest@2f7da4c4, testMethod = testDeleteBlog@BlogDaoTest, testException = [null], mergedContextConfiguration = [MergedContextConfiguration@5f8f81db testClass = BlogDaoTest, locations = '{classpath:application-context.xml}', classes = '{}', contextInitializerClasses = '[]', activeProfiles = '{}', propertySourceLocations = '{}', propertySourceProperties = '{}', contextLoader = 'org.springframework.test.context.support.DelegatingSmartContextLoader', parent = [null]]]; transaction manager [org.springframework.orm.hibernate4.HibernateTransactionManager@469681e0]; rollback [true] 
.16:33:46.760 [Test worker] INFO  o.s.t.c.t.TransactionContext - Rolled back transaction for test context [DefaultTestContext@6929c1c6 testClass = BlogDaoTest, testInstance = rs.pstech.workshop.javaweb.blog.dao.hibernate.BlogDaoTest@2f7da4c4, testMethod = testDeleteBlog@BlogDaoTest, testException = [null], mergedContextConfiguration = [MergedContextConfiguration@5f8f81db testClass = BlogDaoTest, locations = '{classpath:application-context.xml}', classes = '{}', contextInitializerClasses = '[]', activeProfiles = '{}', propertySourceLocations = '{}', propertySourceProperties = '{}', contextLoader = 'org.springframework.test.context.support.DelegatingSmartContextLoader', parent = [null]]]. 
]]></system-out>
  <system-err><![CDATA[]]></system-err>
</testsuite>
